\BOOKMARK [1][-]{section.1}{Introdução}{}% 1
\BOOKMARK [1][-]{section.2}{Especificação}{}% 2
\BOOKMARK [2][-]{subsection.2.1}{Problematização}{section.2}% 3
\BOOKMARK [2][-]{subsection.2.2}{Cenários}{section.2}% 4
\BOOKMARK [2][-]{subsection.2.3}{Dificuldades}{section.2}% 5
\BOOKMARK [2][-]{subsection.2.4}{Datasets}{section.2}% 6
\BOOKMARK [3][-]{subsubsection.2.4.1}{Formato do input}{subsection.2.4}% 7
\BOOKMARK [2][-]{subsection.2.5}{Algoritmos}{section.2}% 8
\BOOKMARK [3][-]{subsubsection.2.5.1}{Algoritmos Genéticos}{subsection.2.5}% 9
\BOOKMARK [3][-]{subsubsection.2.5.2}{Arrefecimento Simulado}{subsection.2.5}% 10
\BOOKMARK [3][-]{subsubsection.2.5.3}{Representação}{subsection.2.5}% 11
\BOOKMARK [3][-]{subsubsection.2.5.4}{Geração do estado inicial}{subsection.2.5}% 12
\BOOKMARK [3][-]{subsubsection.2.5.5}{Geração do próximo Estado}{subsection.2.5}% 13
\BOOKMARK [1][-]{section.3}{Desenvolvimento}{}% 14
\BOOKMARK [2][-]{subsection.3.1}{Ferramentas, linguagens e ambientes}{section.3}% 15
\BOOKMARK [2][-]{subsection.3.2}{Aquitetura}{section.3}% 16
\BOOKMARK [1][-]{section.4}{Experiências}{}% 17
\BOOKMARK [2][-]{subsection.4.1}{Experiência 1}{section.4}% 18
\BOOKMARK [3][-]{subsubsection.4.1.1}{Experiência 1 - A}{subsection.4.1}% 19
\BOOKMARK [1][-]{section.5}{Conclusões}{}% 20
\BOOKMARK [1][-]{section.6}{Melhoramentos}{}% 21
